Start testing: Feb 23 14:36 +03
----------------------------------------------------------
1/1 Testing: test_hello
1/1 Test: test_hello
Command: "/media/zamazan4ik/For_Linux/cpp-russia-hello/bin/test_hello"
Directory: /media/zamazan4ik/For_Linux/cpp-russia-hello/test
"test_hello" start time: Feb 23 14:36 +03
Output:
----------------------------------------------------------
Running main() from gtest_main.cc
[==========] Running 1 test from 1 test case.
[----------] Global test environment set-up.
[----------] 1 test from hello
[ RUN      ] hello.hello
[       OK ] hello.hello (0 ms)
[----------] 1 test from hello (0 ms total)

[----------] Global test environment tear-down
[==========] 1 test from 1 test case ran. (0 ms total)
[  PASSED  ] 1 test.
<end of output>
Test time =   0.00 sec
----------------------------------------------------------
Test Passed.
"test_hello" end time: Feb 23 14:36 +03
"test_hello" time elapsed: 00:00:00
----------------------------------------------------------

End testing: Feb 23 14:36 +03
